<?xml version="1.0" encoding="UTF-8"?>
<testng-results ignored="0" total="1" passed="1" failed="0" skipped="0">
  <reporter-output>
  </reporter-output>
  <suite started-at="2024-08-31T00:15:12 IST" name="Default suite" finished-at="2024-08-31T00:15:12 IST" duration-ms="60">
    <groups>
    </groups>
    <test started-at="2024-08-31T00:15:12 IST" name="Default test" finished-at="2024-08-31T00:15:12 IST" duration-ms="60">
      <class name="WindowsOpening">
        <test-method signature="test()[pri:0, instance:WindowsOpening@18df8434]" started-at="2024-08-31T00:15:12 IST" name="test" finished-at="2024-08-31T00:15:12 IST" duration-ms="12" status="PASS">
          <reporter-output>
          </reporter-output>
        </test-method> <!-- test -->
      </class> <!-- WindowsOpening -->
    </test> <!-- Default test -->
  </suite> <!-- Default suite -->
</testng-results>
